Using pre-set license
Built from '2021.3/staging' branch; Version is '2021.3.20f1 (577897200b8b) revision 5732503'; Using compiler version '192829333'; Build Type 'Release'
OS: 'Windows 11  (10.0.22621) 64bit Professional' Language: 'en' Physical Memory: 32682 MB
BatchMode: 1, IsHumanControllingUs: 0, StartBugReporterOnCrash: 0, Is64bit: 1, IsPro: 1

COMMAND LINE ARGUMENTS:
C:\Program Files\Unity\Hub\Editor\2021.3.20f1\Editor\Unity.exe
-adb2
-batchMode
-noUpm
-name
AssetImportWorker4
-projectPath
C:/Users/Nipit/OneDrive/Documents/Unity Games/narwhal-run/narwhal-run
-logFile
Logs/AssetImportWorker4.log
-srvPort
60003
Successfully changed project path to: C:/Users/Nipit/OneDrive/Documents/Unity Games/narwhal-run/narwhal-run
C:/Users/Nipit/OneDrive/Documents/Unity Games/narwhal-run/narwhal-run
[UnityMemory] Configuration Parameters - Can be set up in boot.config
    "memorysetup-bucket-allocator-granularity=16"
    "memorysetup-bucket-allocator-bucket-count=8"
    "memorysetup-bucket-allocator-block-size=33554432"
    "memorysetup-bucket-allocator-block-count=8"
    "memorysetup-main-allocator-block-size=16777216"
    "memorysetup-thread-allocator-block-size=16777216"
    "memorysetup-gfx-main-allocator-block-size=16777216"
    "memorysetup-gfx-thread-allocator-block-size=16777216"
    "memorysetup-cache-allocator-block-size=4194304"
    "memorysetup-typetree-allocator-block-size=2097152"
    "memorysetup-profiler-bucket-allocator-granularity=16"
    "memorysetup-profiler-bucket-allocator-bucket-count=8"
    "memorysetup-profiler-bucket-allocator-block-size=33554432"
    "memorysetup-profiler-bucket-allocator-block-count=8"
    "memorysetup-profiler-allocator-block-size=16777216"
    "memorysetup-profiler-editor-allocator-block-size=1048576"
    "memorysetup-temp-allocator-size-main=16777216"
    "memorysetup-job-temp-allocator-block-size=2097152"
    "memorysetup-job-temp-allocator-block-size-background=1048576"
    "memorysetup-job-temp-allocator-reduction-small-platforms=262144"
    "memorysetup-temp-allocator-size-background-worker=32768"
    "memorysetup-temp-allocator-size-job-worker=262144"
    "memorysetup-temp-allocator-size-preload-manager=33554432"
    "memorysetup-temp-allocator-size-nav-mesh-worker=65536"
    "memorysetup-temp-allocator-size-audio-worker=65536"
    "memorysetup-temp-allocator-size-cloud-worker=32768"
    "memorysetup-temp-allocator-size-gi-baking-worker=262144"
    "memorysetup-temp-allocator-size-gfx=262144"
Player connection [33604] Host "[IP] 10.0.0.29 [Port] 0 [Flags] 2 [Guid] 2926051508 [EditorId] 2926051508 [Version] 1048832 [Id] WindowsEditor(7,DESKTOP-NOSNEQQ) [Debug] 1 [PackageName] WindowsEditor [ProjectName] Editor" joined multi-casting on [225.0.0.222:54997]...

Player connection [33604] Host "[IP] 10.0.0.29 [Port] 0 [Flags] 2 [Guid] 2926051508 [EditorId] 2926051508 [Version] 1048832 [Id] WindowsEditor(7,DESKTOP-NOSNEQQ) [Debug] 1 [PackageName] WindowsEditor [ProjectName] Editor" joined alternative multi-casting on [225.0.0.222:34997]...

Refreshing native plugins compatible for Editor in 106.98 ms, found 4 plugins.
Preloading 0 native plugins for Editor in 0.00 ms.
Initialize engine version: 2021.3.20f1 (577897200b8b)
[Subsystems] Discovering subsystems at path C:/Program Files/Unity/Hub/Editor/2021.3.20f1/Editor/Data/Resources/UnitySubsystems
[Subsystems] Discovering subsystems at path C:/Users/Nipit/OneDrive/Documents/Unity Games/narwhal-run/narwhal-run/Assets
GfxDevice: creating device client; threaded=0; jobified=0
Direct3D:
    Version:  Direct3D 11.0 [level 11.1]
    Renderer: NVIDIA GeForce RTX 3070 Ti (ID=0x2482)
    Vendor:   NVIDIA
    VRAM:     8031 MB
    Driver:   31.0.15.3118
Initialize mono
Mono path[0] = 'C:/Program Files/Unity/Hub/Editor/2021.3.20f1/Editor/Data/Managed'
Mono path[1] = 'C:/Program Files/Unity/Hub/Editor/2021.3.20f1/Editor/Data/MonoBleedingEdge/lib/mono/unityjit-win32'
Mono config path = 'C:/Program Files/Unity/Hub/Editor/2021.3.20f1/Editor/Data/MonoBleedingEdge/etc'
Using monoOptions --debugger-agent=transport=dt_socket,embedding=1,server=y,suspend=n,address=127.0.0.1:56840
Begin MonoManager ReloadAssembly
Registering precompiled unity dll's ...
Register platform support module: C:/Program Files/Unity/Hub/Editor/2021.3.20f1/Editor/Data/PlaybackEngines/AndroidPlayer/UnityEditor.Android.Extensions.dll
Register platform support module: C:/Program Files/Unity/Hub/Editor/2021.3.20f1/Editor/Data/PlaybackEngines/WindowsStandaloneSupport/UnityEditor.WindowsStandalone.Extensions.dll
Registered in 0.007427 seconds.
Native extension for WindowsStandalone target not found
Native extension for Android target not found
Unauthorized device detected, Id: R3CT707JL1X, please add debug authorization and reconnect.
0x00007ff60dbbbe5d (Unity) StackWalker::GetCurrentCallstack
0x00007ff60dbc2a19 (Unity) StackWalker::ShowCallstack
0x00007ff60eb49d93 (Unity) GetStacktrace
0x00007ff60f1f869d (Unity) DebugStringToFile
0x00007ff60cd1c1f2 (Unity) DebugLogHandler_CUSTOM_Internal_Log
0x000001db4746b5e3 (Mono JIT Code) (wrapper managed-to-native) UnityEngine.DebugLogHandler:Internal_Log (UnityEngine.LogType,UnityEngine.LogOption,string,UnityEngine.Object)
0x000001db4746b2bb (Mono JIT Code) UnityEngine.DebugLogHandler:LogFormat (UnityEngine.LogType,UnityEngine.Object,string,object[])
0x000001db4746b181 (Mono JIT Code) UnityEngine.Logger:LogFormat (UnityEngine.LogType,string,object[])
0x000001db4746aeb3 (Mono JIT Code) UnityEngine.Debug:LogFormat (string,object[])
0x000001db4727129b (Mono JIT Code) UnityEditor.Android.AndroidDeploymentTargetsExtension:GetKnownTargets (UnityEditor.DeploymentTargets.IDeploymentTargetsMainThreadContext,UnityEditor.ProgressHandler)
0x000001db4628fb0c (Mono JIT Code) UnityEditor.Android.TargetScanWorker:ScanSync ()
0x000001db4627cb43 (Mono JIT Code) UnityEditor.Android.TargetExtension:OnUsbDevicesChanged (UnityEditor.Hardware.UsbDevice[])
0x000001db46261483 (Mono JIT Code) UnityEditor.Android.TargetExtension:OnLoad ()
0x000001db4621b48e (Mono JIT Code) UnityEditor.Modules.ModuleManager:InitializePlatformSupportModules ()
0x000001db426da005 (Mono JIT Code) (wrapper runtime-invoke) object:runtime_invoke_void (object,intptr,intptr,intptr)
0x00007ff98d16feb4 (mono-2.0-bdwgc) [mini-runtime.c:3445] mono_jit_runtime_invoke 
0x00007ff98d0ae764 (mono-2.0-bdwgc) [object.c:3066] do_runtime_invoke 
0x00007ff98d0ae8fc (mono-2.0-bdwgc) [object.c:3113] mono_runtime_invoke 
0x00007ff60dae07f4 (Unity) scripting_method_invoke
0x00007ff60dabfff4 (Unity) ScriptingInvocation::Invoke
0x00007ff60dababf5 (Unity) ScriptingInvocation::Invoke<void>
0x00007ff60dbfa03b (Unity) Scripting::UnityEditor::Modules::ModuleManagerProxy::InitializePlatformSupportModules
0x00007ff60dab4c50 (Unity) MonoManager::SetupLoadedEditorAssemblies
0x00007ff60daaa92d (Unity) MonoManager::EndReloadAssembly
0x00007ff60dab24b8 (Unity) MonoManager::ReloadAssembly
0x00007ff60ea0494e (Unity) LoadUnityMonoAssemblies
0x00007ff60e6eebe0 (Unity) Application::InitializeProject
0x00007ff60eb544f8 (Unity) WinMain
0x00007ff60ff1d0ee (Unity) __scrt_common_main_seh
0x00007ffa31a526bd (KERNEL32) BaseThreadInitThunk
0x00007ffa32e0a9f8 (ntdll) RtlUserThreadStart

Android Extension - Scanning For ADB Devices 512 ms
Refreshing native plugins compatible for Editor in 97.31 ms, found 4 plugins.
Preloading 0 native plugins for Editor in 0.00 ms.
Mono: successfully reloaded assembly
- Completed reload, in  1.145 seconds
Domain Reload Profiling:
	ReloadAssembly (1146ms)
		BeginReloadAssembly (90ms)
			ExecutionOrderSort (0ms)
			DisableScriptedObjects (0ms)
			BackupInstance (0ms)
			ReleaseScriptingObjects (0ms)
			CreateAndSetChildDomain (1ms)
		EndReloadAssembly (963ms)
			LoadAssemblies (86ms)
			RebuildTransferFunctionScriptingTraits (0ms)
			SetupTypeCache (95ms)
			ReleaseScriptCaches (0ms)
			RebuildScriptCaches (23ms)
			SetupLoadedEditorAssemblies (795ms)
				LogAssemblyErrors (0ms)
				InitializePlatformSupportModulesInManaged (581ms)
				SetLoadedEditorAssemblies (0ms)
				RefreshPlugins (97ms)
				BeforeProcessingInitializeOnLoad (1ms)
				ProcessInitializeOnLoadAttributes (76ms)
				ProcessInitializeOnLoadMethodAttributes (39ms)
				AfterProcessingInitializeOnLoad (0ms)
				EditorAssembliesLoaded (0ms)
			ExecutionOrderSort2 (0ms)
			AwakeInstancesAfterBackupRestoration (0ms)
Platform modules already initialized, skipping
Registering precompiled user dll's ...
Registered in 0.009345 seconds.
Begin MonoManager ReloadAssembly
Symbol file LoadedFromMemory doesn't match image C:\Users\Nipit\OneDrive\Documents\Unity Games\narwhal-run\narwhal-run\Library\PackageCache\com.unity.visualscripting@1.8.0\Editor\VisualScripting.Core\Dependencies\YamlDotNet\Unity.VisualScripting.YamlDotNet.dll
Symbol file LoadedFromMemory doesn't match image C:\Users\Nipit\OneDrive\Documents\Unity Games\narwhal-run\narwhal-run\Library\PackageCache\com.unity.visualscripting@1.8.0\Editor\VisualScripting.Core\Dependencies\DotNetZip\Unity.VisualScripting.IonicZip.dll
Native extension for WindowsStandalone target not found
Native extension for Android target not found
Refreshing native plugins compatible for Editor in 86.44 ms, found 4 plugins.
Preloading 0 native plugins for Editor in 0.00 ms.
Mono: successfully reloaded assembly
Package Manager log level set to [2]
- Completed reload, in  1.076 seconds
Domain Reload Profiling:
	ReloadAssembly (1077ms)
		BeginReloadAssembly (111ms)
			ExecutionOrderSort (0ms)
			DisableScriptedObjects (5ms)
			BackupInstance (0ms)
			ReleaseScriptingObjects (0ms)
			CreateAndSetChildDomain (17ms)
		EndReloadAssembly (857ms)
			LoadAssemblies (100ms)
			RebuildTransferFunctionScriptingTraits (0ms)
			SetupTypeCache (220ms)
			ReleaseScriptCaches (1ms)
			RebuildScriptCaches (50ms)
			SetupLoadedEditorAssemblies (437ms)
				LogAssemblyErrors (0ms)
				InitializePlatformSupportModulesInManaged (17ms)
				SetLoadedEditorAssemblies (0ms)
				RefreshPlugins (86ms)
				BeforeProcessingInitializeOnLoad (95ms)
				ProcessInitializeOnLoadAttributes (192ms)
				ProcessInitializeOnLoadMethodAttributes (37ms)
				AfterProcessingInitializeOnLoad (9ms)
				EditorAssembliesLoaded (0ms)
			ExecutionOrderSort2 (0ms)
			AwakeInstancesAfterBackupRestoration (5ms)
Platform modules already initialized, skipping
========================================================================
Worker process is ready to serve import requests
Launched and connected shader compiler UnityShaderCompiler.exe after 0.06 seconds
Refreshing native plugins compatible for Editor in 1.15 ms, found 4 plugins.
Preloading 0 native plugins for Editor in 0.00 ms.
Unloading 4003 Unused Serialized files (Serialized files now loaded: 0)
Unloading 50 unused Assets / (56.5 KB). Loaded Objects now: 4451.
Memory consumption went from 152.7 MB to 152.7 MB.
Total: 3.028300 ms (FindLiveObjects: 0.310400 ms CreateObjectMapping: 0.102700 ms MarkObjects: 2.537200 ms  DeleteObjects: 0.076700 ms)

AssetImportParameters requested are different than current active one (requested -> active):
  custom:video-decoder-ogg-theora: a1e56fd34408186e4bbccfd4996cb3dc -> 
  custom:container-muxer-webm: aa71ff27fc2769a1b78a27578f13a17b -> 
  custom:container-demuxer-webm: 4f35f7cbe854078d1ac9338744f61a02 -> 
  custom:video-encoder-webm-vp8: eb34c28f22e8b96e1ab97ce403110664 -> 
  custom:audio-encoder-webm-vorbis: bf7c407c2cedff20999df2af8eb42d56 -> 
  custom:framework-win-MediaFoundation: 216162199b28c13a410421893ffa2e32 -> 
  custom:container-demuxer-ogg: 62fdf1f143b41e24485cea50d1cbac27 -> 
  custom:video-decoder-webm-vp8: 9c59270c3fd7afecdb556c50c9e8de78 -> 
  custom:audio-decoder-ogg-vorbis: bf7c407c2cedff20999df2af8eb42d56 -> 
========================================================================
Received Import Request.
  Time since last request: 1223942.574617 seconds.
  path: Assets/Sprites/Sprite_Sheets/Shop_Button/New Animation.anim
  artifactKey: Guid(e62b6a5ceae6834408c2ed1a92437b0b) Importer(815301076,1909f56bfc062723c751e8b465ee728b)
Start importing Assets/Sprites/Sprite_Sheets/Shop_Button/New Animation.anim using Guid(e62b6a5ceae6834408c2ed1a92437b0b) Importer(815301076,1909f56bfc062723c751e8b465ee728b)  -> (artifact id: '4efe3e99139ec637fdeb47dd71a06a6e') in 0.027421 seconds 
========================================================================
Received Import Request.
  Time since last request: 778.649124 seconds.
  path: Assets/Sprites/Sprite_Sheets/Retry_Button/UI_Retry_Button.png
  artifactKey: Guid(e7303f8ba4054d54abba8d5c55ffa1be) Importer(815301076,1909f56bfc062723c751e8b465ee728b)
Start importing Assets/Sprites/Sprite_Sheets/Retry_Button/UI_Retry_Button.png using Guid(e7303f8ba4054d54abba8d5c55ffa1be) Importer(815301076,1909f56bfc062723c751e8b465ee728b)  -> (artifact id: 'af11c2fa21a6c8289c26338930a3a15a') in 0.071830 seconds 
========================================================================
Received Import Request.
  Time since last request: 64.921465 seconds.
  path: Assets/Sprites/Sprite_Sheets/Retry_Button/UI_Retry_Button.png
  artifactKey: Guid(e7303f8ba4054d54abba8d5c55ffa1be) Importer(815301076,1909f56bfc062723c751e8b465ee728b)
Start importing Assets/Sprites/Sprite_Sheets/Retry_Button/UI_Retry_Button.png using Guid(e7303f8ba4054d54abba8d5c55ffa1be) Importer(815301076,1909f56bfc062723c751e8b465ee728b)  -> (artifact id: 'ae79c95ee78deed3976a544a1a475310') in 0.008471 seconds 
========================================================================
Received Import Request.
  Time since last request: 14.165858 seconds.
  path: Assets/Sprites/Sprite_Sheets/Retry_Button/UI_Retry_Button.png
  artifactKey: Guid(e7303f8ba4054d54abba8d5c55ffa1be) Importer(815301076,1909f56bfc062723c751e8b465ee728b)
Start importing Assets/Sprites/Sprite_Sheets/Retry_Button/UI_Retry_Button.png using Guid(e7303f8ba4054d54abba8d5c55ffa1be) Importer(815301076,1909f56bfc062723c751e8b465ee728b)  -> (artifact id: 'f2a30fb7ac7d26360b821de50384950e') in 0.034859 seconds 
========================================================================
Received Import Request.
  Time since last request: 24.920265 seconds.
  path: Packages/com.unity.2d.animation/Editor/Assets/SkinningModule/Icons/Light/Sprite_Mode.png
  artifactKey: Guid(2ad84ec7182471b4d8c44de568e22df4) Importer(815301076,1909f56bfc062723c751e8b465ee728b)
Start importing Packages/com.unity.2d.animation/Editor/Assets/SkinningModule/Icons/Light/Sprite_Mode.png using Guid(2ad84ec7182471b4d8c44de568e22df4) Importer(815301076,1909f56bfc062723c751e8b465ee728b)  -> (artifact id: '3c997c69534ad5de2ee6871caf4c7a6e') in 0.014183 seconds 
========================================================================
Received Import Request.
  Time since last request: 470.176517 seconds.
  path: Assets/Sprites/Sprite_Sheets/Shop_Button/ShopButtonAnimation.anim
  artifactKey: Guid(e62b6a5ceae6834408c2ed1a92437b0b) Importer(815301076,1909f56bfc062723c751e8b465ee728b)
Start importing Assets/Sprites/Sprite_Sheets/Shop_Button/ShopButtonAnimation.anim using Guid(e62b6a5ceae6834408c2ed1a92437b0b) Importer(815301076,1909f56bfc062723c751e8b465ee728b)  -> (artifact id: 'b8773523c8f9f73a2e8021236482085c') in 0.004039 seconds 
========================================================================
Received Import Request.
  Time since last request: 3.434512 seconds.
  path: Assets/Sprites/Sprite_Sheets/Shop_Button/ShopBtutton.controller
  artifactKey: Guid(117e9bd769a969147ae885984acb37b9) Importer(815301076,1909f56bfc062723c751e8b465ee728b)
Start importing Assets/Sprites/Sprite_Sheets/Shop_Button/ShopBtutton.controller using Guid(117e9bd769a969147ae885984acb37b9) Importer(815301076,1909f56bfc062723c751e8b465ee728b)  -> (artifact id: '6dd6c08d0061593e74088805ae6a3576') in 0.006491 seconds 
========================================================================
Received Import Request.
  Time since last request: 4.037779 seconds.
  path: Assets/Sprites/Sprite_Sheets/Retry_Button/RetryButtonAnimation.anim
  artifactKey: Guid(12b0345dab83748459a30d2efe1d6db3) Importer(815301076,1909f56bfc062723c751e8b465ee728b)
Start importing Assets/Sprites/Sprite_Sheets/Retry_Button/RetryButtonAnimation.anim using Guid(12b0345dab83748459a30d2efe1d6db3) Importer(815301076,1909f56bfc062723c751e8b465ee728b)  -> (artifact id: 'ab6f35e3c931e22a776509aae04682bb') in 0.004064 seconds 
========================================================================
Received Import Request.
  Time since last request: 77.381372 seconds.
  path: Assets/Sprites/Sprite_Sheets/Home_Button/UI_Home_Button.png
  artifactKey: Guid(7e772997c3b6d8248bc8a6492640f19c) Importer(815301076,1909f56bfc062723c751e8b465ee728b)
Start importing Assets/Sprites/Sprite_Sheets/Home_Button/UI_Home_Button.png using Guid(7e772997c3b6d8248bc8a6492640f19c) Importer(815301076,1909f56bfc062723c751e8b465ee728b)  -> (artifact id: '30ef2af5ddce517ee4b783dcfecd3a67') in 0.015086 seconds 
========================================================================
Received Import Request.
  Time since last request: 19.105790 seconds.
  path: Assets/Sprites/Sprite_Sheets/Home_Button/UI_Home_Button.png
  artifactKey: Guid(7e772997c3b6d8248bc8a6492640f19c) Importer(815301076,1909f56bfc062723c751e8b465ee728b)
Start importing Assets/Sprites/Sprite_Sheets/Home_Button/UI_Home_Button.png using Guid(7e772997c3b6d8248bc8a6492640f19c) Importer(815301076,1909f56bfc062723c751e8b465ee728b)  -> (artifact id: '80c04269da40d7457a6a4cf8bda05077') in 0.007839 seconds 
========================================================================
Received Import Request.
  Time since last request: 8.652028 seconds.
  path: Assets/Sprites/Sprite_Sheets/Home_Button/UI_Home_Button.png
  artifactKey: Guid(7e772997c3b6d8248bc8a6492640f19c) Importer(815301076,1909f56bfc062723c751e8b465ee728b)
Start importing Assets/Sprites/Sprite_Sheets/Home_Button/UI_Home_Button.png using Guid(7e772997c3b6d8248bc8a6492640f19c) Importer(815301076,1909f56bfc062723c751e8b465ee728b)  -> (artifact id: '154731b9852bf311f133558c4895dad4') in 0.027595 seconds 
========================================================================
Received Import Request.
  Time since last request: 35.471573 seconds.
  path: Assets/Sprites/Sprite_Sheets/Home_Button/New Animator Controller.controller
  artifactKey: Guid(65b21a41cf212ce4eacc3777d26967ea) Importer(815301076,1909f56bfc062723c751e8b465ee728b)
Start importing Assets/Sprites/Sprite_Sheets/Home_Button/New Animator Controller.controller using Guid(65b21a41cf212ce4eacc3777d26967ea) Importer(815301076,1909f56bfc062723c751e8b465ee728b)  -> (artifact id: 'b3cda4cead1ac9b5ab829eac0d703c20') in 0.003779 seconds 
========================================================================
Received Import Request.
  Time since last request: 12.163217 seconds.
  path: Assets/Sprites/Sprite_Sheets/Home_Button/New Animation.anim
  artifactKey: Guid(43eb0bb57dccf504388222785a0c4be5) Importer(815301076,1909f56bfc062723c751e8b465ee728b)
Start importing Assets/Sprites/Sprite_Sheets/Home_Button/New Animation.anim using Guid(43eb0bb57dccf504388222785a0c4be5) Importer(815301076,1909f56bfc062723c751e8b465ee728b)  -> (artifact id: 'ca8ad06fce75a9e4c7063e9e293c850e') in 0.003373 seconds 
========================================================================
Received Import Request.
  Time since last request: 83.222382 seconds.
  path: Assets/Sprites/Sprite_Sheets/Play_Button/Play_Button_Press.anim
  artifactKey: Guid(255b8f09d3baa984a9b1576daa5c8ece) Importer(815301076,1909f56bfc062723c751e8b465ee728b)
Start importing Assets/Sprites/Sprite_Sheets/Play_Button/Play_Button_Press.anim using Guid(255b8f09d3baa984a9b1576daa5c8ece) Importer(815301076,1909f56bfc062723c751e8b465ee728b)  -> (artifact id: 'd2c94b7e8082a735f383a29559b946f9') in 0.003685 seconds 
========================================================================
Received Import Request.
  Time since last request: 7.841095 seconds.
  path: Assets/Sprites/Sprite_Sheets/Home_Button/Play_Button_Press.anim
  artifactKey: Guid(fa479687f9bcb3a42a15efcd05535dd9) Importer(815301076,1909f56bfc062723c751e8b465ee728b)
Start importing Assets/Sprites/Sprite_Sheets/Home_Button/Play_Button_Press.anim using Guid(fa479687f9bcb3a42a15efcd05535dd9) Importer(815301076,1909f56bfc062723c751e8b465ee728b)  -> (artifact id: '34f8fd570cb57e520ba26142177e5a3d') in 0.003687 seconds 
========================================================================
Received Import Request.
  Time since last request: 8.083297 seconds.
  path: Assets/Sprites/Sprite_Sheets/Home_Button/HomeButtonAnimation.anim
  artifactKey: Guid(fa479687f9bcb3a42a15efcd05535dd9) Importer(815301076,1909f56bfc062723c751e8b465ee728b)
Start importing Assets/Sprites/Sprite_Sheets/Home_Button/HomeButtonAnimation.anim using Guid(fa479687f9bcb3a42a15efcd05535dd9) Importer(815301076,1909f56bfc062723c751e8b465ee728b)  -> (artifact id: '2c2db64891786b0eb0fccb0480b574a0') in 0.003899 seconds 
========================================================================
Received Import Request.
  Time since last request: 0.982993 seconds.
  path: Assets/Sprites/Sprite_Sheets/Home_Button/PlayButton.controller
  artifactKey: Guid(0784fe78838d52f4d9fed477a64e6fb9) Importer(815301076,1909f56bfc062723c751e8b465ee728b)
Start importing Assets/Sprites/Sprite_Sheets/Home_Button/PlayButton.controller using Guid(0784fe78838d52f4d9fed477a64e6fb9) Importer(815301076,1909f56bfc062723c751e8b465ee728b)  -> (artifact id: '6d1c4e04e8fd04a588fe766629250df7') in 0.004088 seconds 
========================================================================
Received Import Request.
  Time since last request: 4.768641 seconds.
  path: Assets/Sprites/Sprite_Sheets/Home_Button/HomeButton.controller
  artifactKey: Guid(0784fe78838d52f4d9fed477a64e6fb9) Importer(815301076,1909f56bfc062723c751e8b465ee728b)
Start importing Assets/Sprites/Sprite_Sheets/Home_Button/HomeButton.controller using Guid(0784fe78838d52f4d9fed477a64e6fb9) Importer(815301076,1909f56bfc062723c751e8b465ee728b)  -> (artifact id: 'b462b107edfa9f22c5121db785089fc3') in 0.004182 seconds 
