Using pre-set license
Built from '2021.3/staging' branch; Version is '2021.3.20f1 (577897200b8b) revision 5732503'; Using compiler version '192829333'; Build Type 'Release'
OS: 'Windows 11  (10.0.22621) 64bit Professional' Language: 'en' Physical Memory: 32682 MB
BatchMode: 1, IsHumanControllingUs: 0, StartBugReporterOnCrash: 0, Is64bit: 1, IsPro: 1

COMMAND LINE ARGUMENTS:
C:\Program Files\Unity\Hub\Editor\2021.3.20f1\Editor\Unity.exe
-adb2
-batchMode
-noUpm
-name
AssetImportWorker2
-projectPath
C:/Users/Nipit/OneDrive/Documents/Unity Games/narwhal-run/narwhal-run
-logFile
Logs/AssetImportWorker2.log
-srvPort
63340
Successfully changed project path to: C:/Users/Nipit/OneDrive/Documents/Unity Games/narwhal-run/narwhal-run
C:/Users/Nipit/OneDrive/Documents/Unity Games/narwhal-run/narwhal-run
[UnityMemory] Configuration Parameters - Can be set up in boot.config
    "memorysetup-bucket-allocator-granularity=16"
    "memorysetup-bucket-allocator-bucket-count=8"
    "memorysetup-bucket-allocator-block-size=33554432"
    "memorysetup-bucket-allocator-block-count=8"
    "memorysetup-main-allocator-block-size=16777216"
    "memorysetup-thread-allocator-block-size=16777216"
    "memorysetup-gfx-main-allocator-block-size=16777216"
    "memorysetup-gfx-thread-allocator-block-size=16777216"
    "memorysetup-cache-allocator-block-size=4194304"
    "memorysetup-typetree-allocator-block-size=2097152"
    "memorysetup-profiler-bucket-allocator-granularity=16"
    "memorysetup-profiler-bucket-allocator-bucket-count=8"
    "memorysetup-profiler-bucket-allocator-block-size=33554432"
    "memorysetup-profiler-bucket-allocator-block-count=8"
    "memorysetup-profiler-allocator-block-size=16777216"
    "memorysetup-profiler-editor-allocator-block-size=1048576"
    "memorysetup-temp-allocator-size-main=16777216"
    "memorysetup-job-temp-allocator-block-size=2097152"
    "memorysetup-job-temp-allocator-block-size-background=1048576"
    "memorysetup-job-temp-allocator-reduction-small-platforms=262144"
    "memorysetup-temp-allocator-size-background-worker=32768"
    "memorysetup-temp-allocator-size-job-worker=262144"
    "memorysetup-temp-allocator-size-preload-manager=33554432"
    "memorysetup-temp-allocator-size-nav-mesh-worker=65536"
    "memorysetup-temp-allocator-size-audio-worker=65536"
    "memorysetup-temp-allocator-size-cloud-worker=32768"
    "memorysetup-temp-allocator-size-gi-baking-worker=262144"
    "memorysetup-temp-allocator-size-gfx=262144"
Player connection [4972] Host "[IP] 10.0.0.29 [Port] 0 [Flags] 2 [Guid] 1843014202 [EditorId] 1843014202 [Version] 1048832 [Id] WindowsEditor(7,DESKTOP-NOSNEQQ) [Debug] 1 [PackageName] WindowsEditor [ProjectName] Editor" joined multi-casting on [225.0.0.222:54997]...

Player connection [4972] Host "[IP] 10.0.0.29 [Port] 0 [Flags] 2 [Guid] 1843014202 [EditorId] 1843014202 [Version] 1048832 [Id] WindowsEditor(7,DESKTOP-NOSNEQQ) [Debug] 1 [PackageName] WindowsEditor [ProjectName] Editor" joined alternative multi-casting on [225.0.0.222:34997]...

Refreshing native plugins compatible for Editor in 95.87 ms, found 4 plugins.
Preloading 0 native plugins for Editor in 0.00 ms.
Initialize engine version: 2021.3.20f1 (577897200b8b)
[Subsystems] Discovering subsystems at path C:/Program Files/Unity/Hub/Editor/2021.3.20f1/Editor/Data/Resources/UnitySubsystems
[Subsystems] Discovering subsystems at path C:/Users/Nipit/OneDrive/Documents/Unity Games/narwhal-run/narwhal-run/Assets
GfxDevice: creating device client; threaded=0; jobified=0
Direct3D:
    Version:  Direct3D 11.0 [level 11.1]
    Renderer: NVIDIA GeForce RTX 3070 Ti (ID=0x2482)
    Vendor:   NVIDIA
    VRAM:     8031 MB
    Driver:   31.0.15.3118
Initialize mono
Mono path[0] = 'C:/Program Files/Unity/Hub/Editor/2021.3.20f1/Editor/Data/Managed'
Mono path[1] = 'C:/Program Files/Unity/Hub/Editor/2021.3.20f1/Editor/Data/MonoBleedingEdge/lib/mono/unityjit-win32'
Mono config path = 'C:/Program Files/Unity/Hub/Editor/2021.3.20f1/Editor/Data/MonoBleedingEdge/etc'
Using monoOptions --debugger-agent=transport=dt_socket,embedding=1,server=y,suspend=n,address=127.0.0.1:56760
Begin MonoManager ReloadAssembly
Registering precompiled unity dll's ...
Register platform support module: C:/Program Files/Unity/Hub/Editor/2021.3.20f1/Editor/Data/PlaybackEngines/AndroidPlayer/UnityEditor.Android.Extensions.dll
Register platform support module: C:/Program Files/Unity/Hub/Editor/2021.3.20f1/Editor/Data/PlaybackEngines/WindowsStandaloneSupport/UnityEditor.WindowsStandalone.Extensions.dll
Registered in 0.007214 seconds.
Native extension for WindowsStandalone target not found
Native extension for Android target not found
Android Extension - Scanning For ADB Devices 243 ms
Refreshing native plugins compatible for Editor in 86.63 ms, found 4 plugins.
Preloading 0 native plugins for Editor in 0.00 ms.
Mono: successfully reloaded assembly
- Completed reload, in  0.833 seconds
Domain Reload Profiling:
	ReloadAssembly (834ms)
		BeginReloadAssembly (72ms)
			ExecutionOrderSort (0ms)
			DisableScriptedObjects (0ms)
			BackupInstance (0ms)
			ReleaseScriptingObjects (0ms)
			CreateAndSetChildDomain (1ms)
		EndReloadAssembly (667ms)
			LoadAssemblies (70ms)
			RebuildTransferFunctionScriptingTraits (0ms)
			SetupTypeCache (91ms)
			ReleaseScriptCaches (0ms)
			RebuildScriptCaches (22ms)
			SetupLoadedEditorAssemblies (508ms)
				LogAssemblyErrors (0ms)
				InitializePlatformSupportModulesInManaged (313ms)
				SetLoadedEditorAssemblies (0ms)
				RefreshPlugins (87ms)
				BeforeProcessingInitializeOnLoad (1ms)
				ProcessInitializeOnLoadAttributes (73ms)
				ProcessInitializeOnLoadMethodAttributes (34ms)
				AfterProcessingInitializeOnLoad (0ms)
				EditorAssembliesLoaded (0ms)
			ExecutionOrderSort2 (0ms)
			AwakeInstancesAfterBackupRestoration (0ms)
Platform modules already initialized, skipping
Registering precompiled user dll's ...
Registered in 0.008790 seconds.
Begin MonoManager ReloadAssembly
Symbol file LoadedFromMemory doesn't match image C:\Users\Nipit\OneDrive\Documents\Unity Games\narwhal-run\narwhal-run\Library\PackageCache\com.unity.visualscripting@1.8.0\Editor\VisualScripting.Core\Dependencies\YamlDotNet\Unity.VisualScripting.YamlDotNet.dll
Symbol file LoadedFromMemory doesn't match image C:\Users\Nipit\OneDrive\Documents\Unity Games\narwhal-run\narwhal-run\Library\PackageCache\com.unity.visualscripting@1.8.0\Editor\VisualScripting.Core\Dependencies\DotNetZip\Unity.VisualScripting.IonicZip.dll
Native extension for WindowsStandalone target not found
Native extension for Android target not found
Refreshing native plugins compatible for Editor in 87.28 ms, found 4 plugins.
Preloading 0 native plugins for Editor in 0.00 ms.
Mono: successfully reloaded assembly
Package Manager log level set to [2]
- Completed reload, in  0.997 seconds
Domain Reload Profiling:
	ReloadAssembly (998ms)
		BeginReloadAssembly (101ms)
			ExecutionOrderSort (0ms)
			DisableScriptedObjects (5ms)
			BackupInstance (0ms)
			ReleaseScriptingObjects (0ms)
			CreateAndSetChildDomain (16ms)
		EndReloadAssembly (795ms)
			LoadAssemblies (88ms)
			RebuildTransferFunctionScriptingTraits (0ms)
			SetupTypeCache (197ms)
			ReleaseScriptCaches (1ms)
			RebuildScriptCaches (46ms)
			SetupLoadedEditorAssemblies (413ms)
				LogAssemblyErrors (0ms)
				InitializePlatformSupportModulesInManaged (14ms)
				SetLoadedEditorAssemblies (0ms)
				RefreshPlugins (87ms)
				BeforeProcessingInitializeOnLoad (92ms)
				ProcessInitializeOnLoadAttributes (181ms)
				ProcessInitializeOnLoadMethodAttributes (31ms)
				AfterProcessingInitializeOnLoad (8ms)
				EditorAssembliesLoaded (0ms)
			ExecutionOrderSort2 (0ms)
			AwakeInstancesAfterBackupRestoration (5ms)
Platform modules already initialized, skipping
========================================================================
Worker process is ready to serve import requests
Launched and connected shader compiler UnityShaderCompiler.exe after 0.04 seconds
Refreshing native plugins compatible for Editor in 0.71 ms, found 4 plugins.
Preloading 0 native plugins for Editor in 0.00 ms.
Unloading 4008 Unused Serialized files (Serialized files now loaded: 0)
Unloading 50 unused Assets / (56.6 KB). Loaded Objects now: 4456.
Memory consumption went from 152.7 MB to 152.6 MB.
Total: 2.836800 ms (FindLiveObjects: 0.305000 ms CreateObjectMapping: 0.103200 ms MarkObjects: 2.351900 ms  DeleteObjects: 0.075900 ms)

AssetImportParameters requested are different than current active one (requested -> active):
  custom:video-decoder-ogg-theora: a1e56fd34408186e4bbccfd4996cb3dc -> 
  custom:container-muxer-webm: aa71ff27fc2769a1b78a27578f13a17b -> 
  custom:container-demuxer-webm: 4f35f7cbe854078d1ac9338744f61a02 -> 
  custom:video-encoder-webm-vp8: eb34c28f22e8b96e1ab97ce403110664 -> 
  custom:audio-encoder-webm-vorbis: bf7c407c2cedff20999df2af8eb42d56 -> 
  custom:framework-win-MediaFoundation: 216162199b28c13a410421893ffa2e32 -> 
  custom:container-demuxer-ogg: 62fdf1f143b41e24485cea50d1cbac27 -> 
  custom:video-decoder-webm-vp8: 9c59270c3fd7afecdb556c50c9e8de78 -> 
  custom:audio-decoder-ogg-vorbis: bf7c407c2cedff20999df2af8eb42d56 -> 
========================================================================
Received Import Request.
  Time since last request: 1654761.873857 seconds.
  path: Packages/com.unity.collab-proxy/Editor/PlasticSCM/Assets/Images/iconpressedclosebutton.png
  artifactKey: Guid(94fe868620119564f9474f40cd6145aa) Importer(815301076,1909f56bfc062723c751e8b465ee728b)
Start importing Packages/com.unity.collab-proxy/Editor/PlasticSCM/Assets/Images/iconpressedclosebutton.png using Guid(94fe868620119564f9474f40cd6145aa) Importer(815301076,1909f56bfc062723c751e8b465ee728b)  -> (artifact id: 'de10d4096d4dca42838093cf6a8690fe') in 0.087713 seconds 
========================================================================
Received Import Request.
  Time since last request: 1296.358386 seconds.
  path: Assets/Prefab/InGamePrefabs/Background.prefab
  artifactKey: Guid(a5117ace0323c004ab88fbed49e05402) Importer(815301076,1909f56bfc062723c751e8b465ee728b)
Start importing Assets/Prefab/InGamePrefabs/Background.prefab using Guid(a5117ace0323c004ab88fbed49e05402) Importer(815301076,1909f56bfc062723c751e8b465ee728b)  -> (artifact id: '5fed2987479738ea95a4cae3855a8279') in 0.014009 seconds 
========================================================================
Received Import Request.
  Time since last request: 13.853381 seconds.
  path: Assets/Prefab/InGamePrefabs/Cloud_1.prefab
  artifactKey: Guid(8aec067b1b2f7c348b7f5ca78f1bb02c) Importer(815301076,1909f56bfc062723c751e8b465ee728b)
Start importing Assets/Prefab/InGamePrefabs/Cloud_1.prefab using Guid(8aec067b1b2f7c348b7f5ca78f1bb02c) Importer(815301076,1909f56bfc062723c751e8b465ee728b)  -> (artifact id: '707f2858056a2bf2a2595086e4f7df6b') in 0.024851 seconds 
========================================================================
Received Import Request.
  Time since last request: 2.364093 seconds.
  path: Assets/Prefab/InGamePrefabs/Cloud_0.prefab
  artifactKey: Guid(e50f77a337729be498c4c22cfcaa6c57) Importer(815301076,1909f56bfc062723c751e8b465ee728b)
Start importing Assets/Prefab/InGamePrefabs/Cloud_0.prefab using Guid(e50f77a337729be498c4c22cfcaa6c57) Importer(815301076,1909f56bfc062723c751e8b465ee728b)  -> (artifact id: 'a6ea1b953329d9a2f0e1b1be1dca3809') in 0.010268 seconds 
========================================================================
Received Import Request.
  Time since last request: 1.246156 seconds.
  path: Assets/Prefab/InGamePrefabs/Cloud_2.prefab
  artifactKey: Guid(135948cc796eb094ba69be6eab03a137) Importer(815301076,1909f56bfc062723c751e8b465ee728b)
Start importing Assets/Prefab/InGamePrefabs/Cloud_2.prefab using Guid(135948cc796eb094ba69be6eab03a137) Importer(815301076,1909f56bfc062723c751e8b465ee728b)  -> (artifact id: '5373b6c73873397ed1e31203b24f5658') in 0.010653 seconds 
========================================================================
Received Import Request.
  Time since last request: 1.123213 seconds.
  path: Assets/Prefab/InGamePrefabs/Cloud_3.prefab
  artifactKey: Guid(db91a983a23f354479eddb164474e3d3) Importer(815301076,1909f56bfc062723c751e8b465ee728b)
Start importing Assets/Prefab/InGamePrefabs/Cloud_3.prefab using Guid(db91a983a23f354479eddb164474e3d3) Importer(815301076,1909f56bfc062723c751e8b465ee728b)  -> (artifact id: '1589da4e034e7438fa6a2c20376a9180') in 0.009321 seconds 
========================================================================
Received Import Request.
  Time since last request: 1.443465 seconds.
  path: Assets/Prefab/InGamePrefabs/Cloud_4.prefab
  artifactKey: Guid(0eb1e03ce8364384ea235620ca3d8302) Importer(815301076,1909f56bfc062723c751e8b465ee728b)
Start importing Assets/Prefab/InGamePrefabs/Cloud_4.prefab using Guid(0eb1e03ce8364384ea235620ca3d8302) Importer(815301076,1909f56bfc062723c751e8b465ee728b)  -> (artifact id: 'd18c036ef75afda7e0056263b0509b8e') in 0.009557 seconds 
========================================================================
Received Import Request.
  Time since last request: 5.651648 seconds.
  path: Assets/Prefab/InGamePrefabs/Cloud_5.prefab
  artifactKey: Guid(3bd6f0dc034ca664394f31a9552aaac8) Importer(815301076,1909f56bfc062723c751e8b465ee728b)
Start importing Assets/Prefab/InGamePrefabs/Cloud_5.prefab using Guid(3bd6f0dc034ca664394f31a9552aaac8) Importer(815301076,1909f56bfc062723c751e8b465ee728b)  -> (artifact id: 'd123a9a97c583e3add2031d2d6c57c42') in 0.009441 seconds 
========================================================================
Received Import Request.
  Time since last request: 2.272244 seconds.
  path: Assets/Prefab/InGamePrefabs/Cloud_6.prefab
  artifactKey: Guid(d462cb3f4ce04db4490e5d59765a6a8d) Importer(815301076,1909f56bfc062723c751e8b465ee728b)
Start importing Assets/Prefab/InGamePrefabs/Cloud_6.prefab using Guid(d462cb3f4ce04db4490e5d59765a6a8d) Importer(815301076,1909f56bfc062723c751e8b465ee728b)  -> (artifact id: 'f9477d3bd0719fe815615fa3b83000b9') in 0.008874 seconds 
========================================================================
Received Import Request.
  Time since last request: 1.190106 seconds.
  path: Assets/Prefab/InGamePrefabs/Cloud_7.prefab
  artifactKey: Guid(3b62ce86747a6a24eb8b0224ac177bf2) Importer(815301076,1909f56bfc062723c751e8b465ee728b)
Start importing Assets/Prefab/InGamePrefabs/Cloud_7.prefab using Guid(3b62ce86747a6a24eb8b0224ac177bf2) Importer(815301076,1909f56bfc062723c751e8b465ee728b)  -> (artifact id: '4f0e85c175e6131f89d68d8e056db9e2') in 0.009458 seconds 
========================================================================
Received Import Request.
  Time since last request: 1.300055 seconds.
  path: Assets/Prefab/InGamePrefabs/Cloud_8.prefab
  artifactKey: Guid(975f2174125f2874496aee58fbd28571) Importer(815301076,1909f56bfc062723c751e8b465ee728b)
Start importing Assets/Prefab/InGamePrefabs/Cloud_8.prefab using Guid(975f2174125f2874496aee58fbd28571) Importer(815301076,1909f56bfc062723c751e8b465ee728b)  -> (artifact id: 'd021ec76c7e391a0fe8b181399ae7fae') in 0.008684 seconds 
========================================================================
Received Import Request.
  Time since last request: 1.692910 seconds.
  path: Assets/Prefab/InGamePrefabs/Cloud_9.prefab
  artifactKey: Guid(288e123b8f22315499f73d05f26e0543) Importer(815301076,1909f56bfc062723c751e8b465ee728b)
Start importing Assets/Prefab/InGamePrefabs/Cloud_9.prefab using Guid(288e123b8f22315499f73d05f26e0543) Importer(815301076,1909f56bfc062723c751e8b465ee728b)  -> (artifact id: '6af0ed9786c74033a39d0b2f1ee64d38') in 0.016968 seconds 
========================================================================
Received Import Request.
  Time since last request: 1.693767 seconds.
  path: Assets/Prefab/InGamePrefabs/Cloud_10.prefab
  artifactKey: Guid(4075429220c041941b8e05b33edbcf5a) Importer(815301076,1909f56bfc062723c751e8b465ee728b)
Start importing Assets/Prefab/InGamePrefabs/Cloud_10.prefab using Guid(4075429220c041941b8e05b33edbcf5a) Importer(815301076,1909f56bfc062723c751e8b465ee728b)  -> (artifact id: '782e5924e5a7fc85c45b7317e0c2d136') in 0.008474 seconds 
========================================================================
Received Import Request.
  Time since last request: 1.774173 seconds.
  path: Assets/Prefab/InGamePrefabs/Cloud_11.prefab
  artifactKey: Guid(aaf7b98659f028046ae6500b74be16de) Importer(815301076,1909f56bfc062723c751e8b465ee728b)
Start importing Assets/Prefab/InGamePrefabs/Cloud_11.prefab using Guid(aaf7b98659f028046ae6500b74be16de) Importer(815301076,1909f56bfc062723c751e8b465ee728b)  -> (artifact id: 'c8a98fd645752f8a3a5f613f7adac49b') in 0.008799 seconds 
========================================================================
Received Import Request.
  Time since last request: 1.260655 seconds.
  path: Assets/Prefab/InGamePrefabs/Bubble.prefab
  artifactKey: Guid(e93dc892142c2ac49b2096e6f9357616) Importer(815301076,1909f56bfc062723c751e8b465ee728b)
Start importing Assets/Prefab/InGamePrefabs/Bubble.prefab using Guid(e93dc892142c2ac49b2096e6f9357616) Importer(815301076,1909f56bfc062723c751e8b465ee728b)  -> (artifact id: '1fef50ade39632e04054d987486f33ec') in 0.009000 seconds 
========================================================================
Received Import Request.
  Time since last request: 72.463681 seconds.
  path: Packages/com.unity.2d.sprite/Editor/Interface
  artifactKey: Guid(b1c7f0c50b0c1d7458d2d0a50ebfefef) Importer(815301076,1909f56bfc062723c751e8b465ee728b)
Start importing Packages/com.unity.2d.sprite/Editor/Interface using Guid(b1c7f0c50b0c1d7458d2d0a50ebfefef) Importer(815301076,1909f56bfc062723c751e8b465ee728b)  -> (artifact id: '1b203081660d8cef30ff3262d2575872') in 0.004301 seconds 
========================================================================
Received Import Request.
  Time since last request: 320.594165 seconds.
  path: Assets/Scripts/NarwhalRunScripts/MobileController.cs
  artifactKey: Guid(818c16115d26b904f9ce1451bf7c4237) Importer(815301076,1909f56bfc062723c751e8b465ee728b)
Start importing Assets/Scripts/NarwhalRunScripts/MobileController.cs using Guid(818c16115d26b904f9ce1451bf7c4237) Importer(815301076,1909f56bfc062723c751e8b465ee728b)  -> (artifact id: '9d038b11091bf71124d41a8e66f40ad0') in 0.008208 seconds 
========================================================================
Received Prepare
Registering precompiled user dll's ...
Registered in 0.008431 seconds.
Begin MonoManager ReloadAssembly
Symbol file LoadedFromMemory doesn't match image C:\Users\Nipit\OneDrive\Documents\Unity Games\narwhal-run\narwhal-run\Library\PackageCache\com.unity.visualscripting@1.8.0\Editor\VisualScripting.Core\Dependencies\YamlDotNet\Unity.VisualScripting.YamlDotNet.dll
Symbol file LoadedFromMemory doesn't match image C:\Users\Nipit\OneDrive\Documents\Unity Games\narwhal-run\narwhal-run\Library\PackageCache\com.unity.visualscripting@1.8.0\Editor\VisualScripting.Core\Dependencies\DotNetZip\Unity.VisualScripting.IonicZip.dll
Native extension for WindowsStandalone target not found
Native extension for Android target not found
Refreshing native plugins compatible for Editor in 0.78 ms, found 4 plugins.
Preloading 0 native plugins for Editor in 0.00 ms.
Mono: successfully reloaded assembly
- Completed reload, in  0.969 seconds
Domain Reload Profiling:
	ReloadAssembly (969ms)
		BeginReloadAssembly (195ms)
			ExecutionOrderSort (0ms)
			DisableScriptedObjects (14ms)
			BackupInstance (0ms)
			ReleaseScriptingObjects (0ms)
			CreateAndSetChildDomain (70ms)
		EndReloadAssembly (684ms)
			LoadAssemblies (101ms)
			RebuildTransferFunctionScriptingTraits (0ms)
			SetupTypeCache (223ms)
			ReleaseScriptCaches (1ms)
			RebuildScriptCaches (41ms)
			SetupLoadedEditorAssemblies (280ms)
				LogAssemblyErrors (0ms)
				InitializePlatformSupportModulesInManaged (18ms)
				SetLoadedEditorAssemblies (0ms)
				RefreshPlugins (1ms)
				BeforeProcessingInitializeOnLoad (73ms)
				ProcessInitializeOnLoadAttributes (153ms)
				ProcessInitializeOnLoadMethodAttributes (26ms)
				AfterProcessingInitializeOnLoad (8ms)
				EditorAssembliesLoaded (0ms)
			ExecutionOrderSort2 (0ms)
			AwakeInstancesAfterBackupRestoration (7ms)
Platform modules already initialized, skipping
Refreshing native plugins compatible for Editor in 5.41 ms, found 4 plugins.
Preloading 0 native plugins for Editor in 0.00 ms.
Unloading 3984 Unused Serialized files (Serialized files now loaded: 0)
Unloading 37 unused Assets / (24.7 KB). Loaded Objects now: 4470.
Memory consumption went from 154.6 MB to 154.6 MB.
Total: 3.160300 ms (FindLiveObjects: 0.266200 ms CreateObjectMapping: 0.092700 ms MarkObjects: 2.747600 ms  DeleteObjects: 0.053100 ms)

AssetImportParameters requested are different than current active one (requested -> active):
  custom:video-decoder-ogg-theora: a1e56fd34408186e4bbccfd4996cb3dc -> 
  custom:container-muxer-webm: aa71ff27fc2769a1b78a27578f13a17b -> 
  custom:container-demuxer-webm: 4f35f7cbe854078d1ac9338744f61a02 -> 
  custom:video-encoder-webm-vp8: eb34c28f22e8b96e1ab97ce403110664 -> 
  custom:audio-encoder-webm-vorbis: bf7c407c2cedff20999df2af8eb42d56 -> 
  custom:framework-win-MediaFoundation: 216162199b28c13a410421893ffa2e32 -> 
  custom:container-demuxer-ogg: 62fdf1f143b41e24485cea50d1cbac27 -> 
  custom:video-decoder-webm-vp8: 9c59270c3fd7afecdb556c50c9e8de78 -> 
  custom:audio-decoder-ogg-vorbis: bf7c407c2cedff20999df2af8eb42d56 -> 
========================================================================
Received Import Request.
  Time since last request: 1652.947159 seconds.
  path: Assets/Scripts/NarwhalRunScripts/Background_Manager.cs
  artifactKey: Guid(977cf89e57cadf640a11d9eb04603e78) Importer(815301076,1909f56bfc062723c751e8b465ee728b)
Start importing Assets/Scripts/NarwhalRunScripts/Background_Manager.cs using Guid(977cf89e57cadf640a11d9eb04603e78) Importer(815301076,1909f56bfc062723c751e8b465ee728b)  -> (artifact id: '04bd31fdb3f19b7638eb9e8ac9c269d3') in 0.008018 seconds 
========================================================================
Received Prepare
Registering precompiled user dll's ...
Registered in 0.008241 seconds.
Begin MonoManager ReloadAssembly
Symbol file LoadedFromMemory doesn't match image C:\Users\Nipit\OneDrive\Documents\Unity Games\narwhal-run\narwhal-run\Library\PackageCache\com.unity.visualscripting@1.8.0\Editor\VisualScripting.Core\Dependencies\YamlDotNet\Unity.VisualScripting.YamlDotNet.dll
Symbol file LoadedFromMemory doesn't match image C:\Users\Nipit\OneDrive\Documents\Unity Games\narwhal-run\narwhal-run\Library\PackageCache\com.unity.visualscripting@1.8.0\Editor\VisualScripting.Core\Dependencies\DotNetZip\Unity.VisualScripting.IonicZip.dll
Native extension for WindowsStandalone target not found
Native extension for Android target not found
Refreshing native plugins compatible for Editor in 1.69 ms, found 4 plugins.
Preloading 0 native plugins for Editor in 0.00 ms.
Mono: successfully reloaded assembly
- Completed reload, in  1.088 seconds
Domain Reload Profiling:
	ReloadAssembly (1088ms)
		BeginReloadAssembly (134ms)
			ExecutionOrderSort (0ms)
			DisableScriptedObjects (6ms)
			BackupInstance (0ms)
			ReleaseScriptingObjects (0ms)
			CreateAndSetChildDomain (32ms)
		EndReloadAssembly (847ms)
			LoadAssemblies (99ms)
			RebuildTransferFunctionScriptingTraits (0ms)
			SetupTypeCache (234ms)
			ReleaseScriptCaches (2ms)
			RebuildScriptCaches (66ms)
			SetupLoadedEditorAssemblies (370ms)
				LogAssemblyErrors (0ms)
				InitializePlatformSupportModulesInManaged (25ms)
				SetLoadedEditorAssemblies (1ms)
				RefreshPlugins (2ms)
				BeforeProcessingInitializeOnLoad (99ms)
				ProcessInitializeOnLoadAttributes (198ms)
				ProcessInitializeOnLoadMethodAttributes (36ms)
				AfterProcessingInitializeOnLoad (11ms)
				EditorAssembliesLoaded (0ms)
			ExecutionOrderSort2 (0ms)
			AwakeInstancesAfterBackupRestoration (9ms)
Platform modules already initialized, skipping
Refreshing native plugins compatible for Editor in 5.17 ms, found 4 plugins.
Preloading 0 native plugins for Editor in 0.00 ms.
Unloading 3984 Unused Serialized files (Serialized files now loaded: 0)
Unloading 37 unused Assets / (24.7 KB). Loaded Objects now: 4473.
Memory consumption went from 154.6 MB to 154.6 MB.
Total: 3.322500 ms (FindLiveObjects: 0.328700 ms CreateObjectMapping: 0.089700 ms MarkObjects: 2.872000 ms  DeleteObjects: 0.031300 ms)

AssetImportParameters requested are different than current active one (requested -> active):
  custom:video-decoder-ogg-theora: a1e56fd34408186e4bbccfd4996cb3dc -> 
  custom:container-muxer-webm: aa71ff27fc2769a1b78a27578f13a17b -> 
  custom:container-demuxer-webm: 4f35f7cbe854078d1ac9338744f61a02 -> 
  custom:video-encoder-webm-vp8: eb34c28f22e8b96e1ab97ce403110664 -> 
  custom:audio-encoder-webm-vorbis: bf7c407c2cedff20999df2af8eb42d56 -> 
  custom:framework-win-MediaFoundation: 216162199b28c13a410421893ffa2e32 -> 
  custom:container-demuxer-ogg: 62fdf1f143b41e24485cea50d1cbac27 -> 
  custom:video-decoder-webm-vp8: 9c59270c3fd7afecdb556c50c9e8de78 -> 
  custom:audio-decoder-ogg-vorbis: bf7c407c2cedff20999df2af8eb42d56 -> 
========================================================================
Received Prepare
Registering precompiled user dll's ...
Registered in 0.009996 seconds.
Begin MonoManager ReloadAssembly
Symbol file LoadedFromMemory doesn't match image C:\Users\Nipit\OneDrive\Documents\Unity Games\narwhal-run\narwhal-run\Library\PackageCache\com.unity.visualscripting@1.8.0\Editor\VisualScripting.Core\Dependencies\YamlDotNet\Unity.VisualScripting.YamlDotNet.dll
Symbol file LoadedFromMemory doesn't match image C:\Users\Nipit\OneDrive\Documents\Unity Games\narwhal-run\narwhal-run\Library\PackageCache\com.unity.visualscripting@1.8.0\Editor\VisualScripting.Core\Dependencies\DotNetZip\Unity.VisualScripting.IonicZip.dll
Native extension for WindowsStandalone target not found
Native extension for Android target not found
Refreshing native plugins compatible for Editor in 0.77 ms, found 4 plugins.
Preloading 0 native plugins for Editor in 0.00 ms.
Mono: successfully reloaded assembly
- Completed reload, in  0.917 seconds
Domain Reload Profiling:
	ReloadAssembly (918ms)
		BeginReloadAssembly (126ms)
			ExecutionOrderSort (0ms)
			DisableScriptedObjects (6ms)
			BackupInstance (0ms)
			ReleaseScriptingObjects (0ms)
			CreateAndSetChildDomain (31ms)
		EndReloadAssembly (681ms)
			LoadAssemblies (93ms)
			RebuildTransferFunctionScriptingTraits (0ms)
			SetupTypeCache (222ms)
			ReleaseScriptCaches (1ms)
			RebuildScriptCaches (42ms)
			SetupLoadedEditorAssemblies (274ms)
				LogAssemblyErrors (0ms)
				InitializePlatformSupportModulesInManaged (16ms)
				SetLoadedEditorAssemblies (0ms)
				RefreshPlugins (1ms)
				BeforeProcessingInitializeOnLoad (69ms)
				ProcessInitializeOnLoadAttributes (149ms)
				ProcessInitializeOnLoadMethodAttributes (30ms)
				AfterProcessingInitializeOnLoad (8ms)
				EditorAssembliesLoaded (0ms)
			ExecutionOrderSort2 (0ms)
			AwakeInstancesAfterBackupRestoration (7ms)
Platform modules already initialized, skipping
Refreshing native plugins compatible for Editor in 4.59 ms, found 4 plugins.
Preloading 0 native plugins for Editor in 0.00 ms.
Unloading 3984 Unused Serialized files (Serialized files now loaded: 0)
Unloading 37 unused Assets / (24.7 KB). Loaded Objects now: 4476.
Memory consumption went from 154.6 MB to 154.6 MB.
Total: 2.598200 ms (FindLiveObjects: 0.257700 ms CreateObjectMapping: 0.091300 ms MarkObjects: 2.230500 ms  DeleteObjects: 0.018000 ms)

AssetImportParameters requested are different than current active one (requested -> active):
  custom:video-decoder-ogg-theora: a1e56fd34408186e4bbccfd4996cb3dc -> 
  custom:container-muxer-webm: aa71ff27fc2769a1b78a27578f13a17b -> 
  custom:container-demuxer-webm: 4f35f7cbe854078d1ac9338744f61a02 -> 
  custom:video-encoder-webm-vp8: eb34c28f22e8b96e1ab97ce403110664 -> 
  custom:audio-encoder-webm-vorbis: bf7c407c2cedff20999df2af8eb42d56 -> 
  custom:framework-win-MediaFoundation: 216162199b28c13a410421893ffa2e32 -> 
  custom:container-demuxer-ogg: 62fdf1f143b41e24485cea50d1cbac27 -> 
  custom:video-decoder-webm-vp8: 9c59270c3fd7afecdb556c50c9e8de78 -> 
  custom:audio-decoder-ogg-vorbis: bf7c407c2cedff20999df2af8eb42d56 -> 
========================================================================
Received Prepare
Registering precompiled user dll's ...
Registered in 0.008775 seconds.
Begin MonoManager ReloadAssembly
Symbol file LoadedFromMemory doesn't match image C:\Users\Nipit\OneDrive\Documents\Unity Games\narwhal-run\narwhal-run\Library\PackageCache\com.unity.visualscripting@1.8.0\Editor\VisualScripting.Core\Dependencies\YamlDotNet\Unity.VisualScripting.YamlDotNet.dll
Symbol file LoadedFromMemory doesn't match image C:\Users\Nipit\OneDrive\Documents\Unity Games\narwhal-run\narwhal-run\Library\PackageCache\com.unity.visualscripting@1.8.0\Editor\VisualScripting.Core\Dependencies\DotNetZip\Unity.VisualScripting.IonicZip.dll
Native extension for WindowsStandalone target not found
Native extension for Android target not found
Refreshing native plugins compatible for Editor in 0.93 ms, found 4 plugins.
Preloading 0 native plugins for Editor in 0.00 ms.
Mono: successfully reloaded assembly
- Completed reload, in  1.009 seconds
Domain Reload Profiling:
	ReloadAssembly (1010ms)
		BeginReloadAssembly (133ms)
			ExecutionOrderSort (0ms)
			DisableScriptedObjects (6ms)
			BackupInstance (0ms)
			ReleaseScriptingObjects (0ms)
			CreateAndSetChildDomain (29ms)
		EndReloadAssembly (774ms)
			LoadAssemblies (102ms)
			RebuildTransferFunctionScriptingTraits (0ms)
			SetupTypeCache (234ms)
			ReleaseScriptCaches (2ms)
			RebuildScriptCaches (48ms)
			SetupLoadedEditorAssemblies (324ms)
				LogAssemblyErrors (0ms)
				InitializePlatformSupportModulesInManaged (20ms)
				SetLoadedEditorAssemblies (0ms)
				RefreshPlugins (1ms)
				BeforeProcessingInitializeOnLoad (83ms)
				ProcessInitializeOnLoadAttributes (178ms)
				ProcessInitializeOnLoadMethodAttributes (31ms)
				AfterProcessingInitializeOnLoad (10ms)
				EditorAssembliesLoaded (0ms)
			ExecutionOrderSort2 (0ms)
			AwakeInstancesAfterBackupRestoration (9ms)
Platform modules already initialized, skipping
Refreshing native plugins compatible for Editor in 4.58 ms, found 4 plugins.
Preloading 0 native plugins for Editor in 0.00 ms.
Unloading 3984 Unused Serialized files (Serialized files now loaded: 0)
Unloading 37 unused Assets / (24.7 KB). Loaded Objects now: 4479.
Memory consumption went from 154.7 MB to 154.6 MB.
Total: 2.974000 ms (FindLiveObjects: 0.335500 ms CreateObjectMapping: 0.101200 ms MarkObjects: 2.510600 ms  DeleteObjects: 0.025500 ms)

AssetImportParameters requested are different than current active one (requested -> active):
  custom:video-decoder-ogg-theora: a1e56fd34408186e4bbccfd4996cb3dc -> 
  custom:container-muxer-webm: aa71ff27fc2769a1b78a27578f13a17b -> 
  custom:container-demuxer-webm: 4f35f7cbe854078d1ac9338744f61a02 -> 
  custom:video-encoder-webm-vp8: eb34c28f22e8b96e1ab97ce403110664 -> 
  custom:audio-encoder-webm-vorbis: bf7c407c2cedff20999df2af8eb42d56 -> 
  custom:framework-win-MediaFoundation: 216162199b28c13a410421893ffa2e32 -> 
  custom:container-demuxer-ogg: 62fdf1f143b41e24485cea50d1cbac27 -> 
  custom:video-decoder-webm-vp8: 9c59270c3fd7afecdb556c50c9e8de78 -> 
  custom:audio-decoder-ogg-vorbis: bf7c407c2cedff20999df2af8eb42d56 -> 
